
--------------------------------------
2015-12-20 21:12:22.095438

--------------------------------------
2015-12-20 21:13:34.753291

--------------------------------------
2015-12-20 21:13:51.783493

--------------------------------------
2015-12-20 21:15:01.225821

--------------------------------------
2015-12-20 21:15:19.024058

--------------------------------------
2015-12-20 21:16:13.420459

--------------------------------------
2015-12-20 21:16:36.794450

--------------------------------------
2015-12-20 21:17:04.827476

--------------------------------------
2015-12-20 21:18:04.526191

--------------------------------------
2015-12-20 21:19:36.903409

--------------------------------------
2015-12-20 21:30:54.613420

--------------------------------------
2015-12-20 21:33:08.992954

--------------------------------------
2015-12-20 21:35:19.467950

--------------------------------------
2015-12-20 21:38:46.263835

--------------------------------------
2015-12-20 21:39:19.721207

--------------------------------------
2015-12-20 21:40:16.669738

--------------------------------------
2015-12-20 21:40:37.299786

--------------------------------------
2015-12-20 21:40:43.553796

--------------------------------------
2015-12-20 21:41:15.828271

--------------------------------------
2015-12-20 21:41:47.865405

--------------------------------------
2015-12-20 21:42:00.864173

--------------------------------------
2015-12-20 21:42:09.929404

--------------------------------------
2015-12-20 21:42:34.276848

--------------------------------------
2015-12-20 21:42:49.370049

--------------------------------------
2015-12-20 21:43:42.973771

--------------------------------------
2015-12-20 21:43:55.332133

--------------------------------------
2015-12-20 21:44:26.522110

--------------------------------------
2015-12-20 21:44:35.123279

--------------------------------------
2015-12-20 21:46:31.896876

--------------------------------------
2015-12-20 21:46:47.817848

--------------------------------------
2015-12-20 21:47:13.637149

--------------------------------------
2015-12-20 21:47:28.128173

--------------------------------------
2015-12-20 21:48:21.492256

--------------------------------------
2015-12-20 21:48:29.787338

--------------------------------------
2015-12-20 22:13:32.982735

--------------------------------------
2015-12-20 22:14:01.441246

--------------------------------------
2015-12-20 22:14:54.808486

--------------------------------------
2015-12-20 22:23:20.160626

--------------------------------------
2015-12-20 22:24:28.802735

--------------------------------------
2015-12-20 22:25:22.060692

--------------------------------------
2015-12-20 22:27:05.499774

--------------------------------------
2015-12-20 22:27:19.705340

--------------------------------------
2015-12-20 22:28:12.107144

--------------------------------------
2015-12-20 22:30:00.475516

--------------------------------------
2015-12-20 22:30:52.115838

--------------------------------------
2015-12-20 22:31:53.231307

--------------------------------------
2015-12-20 22:32:29.868956

--------------------------------------
2015-12-20 22:33:08.832501

--------------------------------------
2015-12-20 22:33:45.186440

--------------------------------------
2015-12-20 22:35:59.436781

--------------------------------------
2015-12-20 23:09:44.382229

--------------------------------------
2015-12-20 23:10:40.644865

--------------------------------------
2015-12-20 23:10:51.890923

--------------------------------------
2015-12-20 23:14:44.037441

--------------------------------------
2015-12-20 23:14:58.916562

--------------------------------------
2015-12-20 23:15:37.540816

--------------------------------------
2015-12-20 23:16:18.380493

--------------------------------------
2015-12-20 23:28:40.540400

--------------------------------------
2015-12-20 23:29:00.120590

--------------------------------------
2015-12-20 23:30:00.339567

--------------------------------------
2015-12-20 23:30:24.412363

--------------------------------------
2015-12-20 23:33:08.275237

--------------------------------------
2015-12-21 00:30:20.591411

--------------------------------------
2015-12-21 00:31:06.905426

--------------------------------------
2015-12-21 00:31:41.728626

--------------------------------------
2015-12-21 00:35:48.205628

--------------------------------------
2015-12-21 00:36:13.457556

--------------------------------------
2015-12-21 00:39:25.653943

--------------------------------------
2015-12-21 00:40:14.342750

--------------------------------------
2015-12-21 00:41:02.632069

--------------------------------------
2015-12-21 00:42:16.984247

--------------------------------------
2015-12-21 00:42:29.423593

--------------------------------------
2015-12-22 10:00:59.096169

--------------------------------------
2015-12-22 10:01:45.654968

--------------------------------------
2015-12-22 11:21:14.933463

--------------------------------------
2015-12-22 11:21:48.333354

--------------------------------------
2015-12-22 11:23:43.020501

--------------------------------------
2015-12-22 11:24:03.583687

--------------------------------------
2015-12-22 11:24:13.663789

--------------------------------------
2015-12-22 11:29:38.655034

--------------------------------------
2015-12-22 11:42:14.706740

--------------------------------------
2015-12-22 11:52:52.503583

--------------------------------------
2015-12-22 11:53:34.331059

--------------------------------------
2015-12-22 11:54:46.327080

--------------------------------------
2015-12-22 11:54:53.646544

--------------------------------------
2015-12-22 11:55:22.182482

--------------------------------------
2015-12-22 11:55:51.440879

--------------------------------------
2015-12-22 11:56:08.837989

--------------------------------------
2015-12-22 11:57:02.918699

--------------------------------------
2015-12-22 11:58:44.890824

--------------------------------------
2015-12-22 11:59:26.189641

--------------------------------------
2015-12-22 12:04:54.934914

--------------------------------------
2015-12-22 12:10:21.454438

--------------------------------------
2015-12-22 12:10:59.597924

--------------------------------------
2015-12-22 12:13:32.017864

--------------------------------------
2015-12-22 12:13:58.633050

--------------------------------------
2015-12-22 12:14:15.500849

--------------------------------------
2015-12-22 12:14:31.388974

--------------------------------------
2015-12-22 12:15:22.423523
number of nodes forMaharashtra is 29
number of nodes forMumbai is 45
number of nodes forUttarakhand is 22
number of nodes forDehradun is 34
number of nodes forKarnataka is 29
number of nodes forBangalore is 43
number of nodes forAndhra Pradesh is 25
number of nodes forHyderabad is 26
number of nodes forTamil Nadu is 27
number of nodes forChennai is 44
number of nodes forKrishna is 46
number of nodes forMaharashtra is 29
number of nodes forGodavari is 4
number of nodes forMaharashtra is 29
number of nodes forYamuna is 37
number of nodes forUttarakhand is 22
number of nodes forGanges is 57
number of nodes forUttarakhand is 22
number of nodes forKaveri is 37
number of nodes forKaranataka is 0

--------------------------------------
2015-12-22 12:26:39.114730

--------------------------------------
2015-12-22 12:26:51.943163
----------------
2015-12-22 12:26:58.489244
MaharashtraMumbai----------------
2015-12-22 12:27:42.108552
MumbaiMaharashtra----------------
2015-12-22 12:29:02.593474
Tamil NaduChennai----------------
2015-12-22 12:30:09.250709
ChennaiTamil Nadu
--------------------------------------
2015-12-22 16:40:44.042333

--------------------------------------
2015-12-22 16:54:51.029594

--------------------------------------
2015-12-22 16:55:19.048373

--------------------------------------
2015-12-22 16:57:12.261766

--------------------------------------
2015-12-22 16:57:50.912813

--------------------------------------
2015-12-22 16:59:15.328167

--------------------------------------
2015-12-22 17:09:32.542301

--------------------------------------
2015-12-22 17:11:50.622418

--------------------------------------
2015-12-22 17:13:53.107606

--------------------------------------
2015-12-22 17:15:04.897372

--------------------------------------
2015-12-22 17:15:18.283264

--------------------------------------
2015-12-22 17:27:31.615819
----------------
2015-12-22 17:27:34.224298
KarnatakaBangalore----------------
2015-12-22 17:27:39.467601
BangaloreKarnataka
--------------------------------------
2015-12-22 17:29:27.138244
number of nodes forTamil Nadu is 27

--------------------------------------
2015-12-22 17:41:25.515733
number of nodes forTamil Nadu is 27
number of nodes forChennai is 44

--------------------------------------
2015-12-23 00:50:29.732454
----------------
2015-12-23 00:50:33.589599
Andhra PradeshHyderabad----------------
2015-12-23 00:50:34.925131
HyderabadAndhra Pradesh----------------
2015-12-23 00:50:36.634008
UttarakhandDehradun----------------
2015-12-23 00:50:38.407675
DehradunUttarakhand----------------
2015-12-23 00:50:40.227936
MaharashtraMumbai----------------
2015-12-23 00:50:41.840735
MumbaiMaharashtra----------------
2015-12-23 00:50:43.479182
Tamil NaduChennai----------------
2015-12-23 00:50:44.877815
ChennaiTamil Nadu----------------
2015-12-23 00:50:46.266051
KarnatakaBangalore
--------------------------------------
2015-12-23 00:54:00.256464
number of nodes forMaharashtra is 29
number of nodes forMumbai is 45
number of nodes forTamil Nadu is 27
number of nodes forChennai is 44
number of nodes forKarnataka is 29
number of nodes forBangalore is 43
number of nodes forAndhra Pradesh is 25
number of nodes forHyderabad is 26
number of nodes forUttarakhand is 22
number of nodes forDehradun is 34
number of nodes forGanges is 57
number of nodes forUttarakhand is 22
number of nodes forGodavari is 4
number of nodes forMaharashtra is 29
number of nodes forKrishna is 46
number of nodes forMaharashtra is 29
number of nodes forYamuna is 37
number of nodes forUttarakhand is 22
number of nodes forKaveri is 37
number of nodes forKaranataka is 0
----------------
2015-12-23 00:55:51.385173
MaharashtraMumbai----------------
2015-12-23 00:56:29.978434
MumbaiMaharashtra----------------
2015-12-23 00:57:54.125276
Tamil NaduChennai----------------
2015-12-23 00:58:30.392071
ChennaiTamil Nadu----------------
2015-12-23 00:59:28.480931
KarnatakaBangalore----------------
2015-12-23 01:00:04.763075
BangaloreKarnataka----------------
2015-12-23 01:00:54.921291
Andhra PradeshHyderabad----------------
2015-12-23 01:00:55.373975
HyderabadAndhra Pradesh----------------
2015-12-23 01:01:08.793439
UttarakhandDehradun----------------
2015-12-23 01:01:50.625812
DehradunUttarakhand----------------
2015-12-23 01:03:08.655672
GangesUttarakhand----------------
2015-12-23 01:04:33.238686
UttarakhandGanges----------------
2015-12-23 01:04:34.108609
GodavariMaharashtra----------------
2015-12-23 01:05:32.260511
MaharashtraGodavari----------------
2015-12-23 01:05:33.890455
KrishnaMaharashtra----------------
2015-12-23 01:06:25.267128
MaharashtraKrishna----------------
2015-12-23 01:06:26.135364
YamunaUttarakhand----------------
2015-12-23 01:07:39.937386
UttarakhandYamuna----------------
2015-12-23 01:07:41.977153
KaveriKaranataka----------------
2015-12-23 01:07:42.494342
KaranatakaKaveri
--------------------------------------
2015-12-23 11:28:09.708715

--------------------------------------
2015-12-23 11:28:27.641583

--------------------------------------
2015-12-23 11:29:23.475009

--------------------------------------
2015-12-23 12:29:39.999319

--------------------------------------
2015-12-23 12:30:12.415456
number of nodes forKarnataka is 29
number of nodes forBangalore is 43
number of nodes forMaharashtra is 29
number of nodes forMumbai is 45
number of nodes forTamil Nadu is 27
number of nodes forChennai is 44
number of nodes forUttarakhand is 22
number of nodes forDehradun is 34
number of nodes forAndhra Pradesh is 25
number of nodes forHyderabad is 26
number of nodes forKrishna is 46
number of nodes forMaharashtra is 29
number of nodes forYamuna is 37
number of nodes forUttarakhand is 22
number of nodes forGodavari is 4
number of nodes forMaharashtra is 29
number of nodes forGanges is 57
number of nodes forUttarakhand is 22
number of nodes forKaveri is 37
number of nodes forKaranataka is 0
----------------
2015-12-23 12:32:15.460094
KarnatakaBangalore----------------
2015-12-23 12:33:03.708497
BangaloreKarnataka----------------
2015-12-23 12:35:03.163357
MaharashtraMumbai----------------
2015-12-23 12:35:58.632349
MumbaiMaharashtra----------------
2015-12-23 12:37:02.665841
Tamil NaduChennai----------------
2015-12-23 12:38:56.851011
ChennaiTamil Nadu----------------
2015-12-23 12:40:55.857616
UttarakhandDehradun----------------
2015-12-23 12:41:45.430499
DehradunUttarakhand----------------
2015-12-23 12:45:04.682510
Andhra PradeshHyderabad----------------
2015-12-23 12:45:05.609308
HyderabadAndhra Pradesh----------------
2015-12-23 12:45:17.759943
KrishnaMaharashtra----------------
2015-12-23 12:46:10.117459
MaharashtraKrishna----------------
2015-12-23 12:46:11.476891
YamunaUttarakhand----------------
2015-12-23 12:47:24.903017
UttarakhandYamuna----------------
2015-12-23 12:47:25.983437
GodavariMaharashtra----------------
2015-12-23 12:48:13.019276
MaharashtraGodavari----------------
2015-12-23 12:48:14.010758
GangesUttarakhand----------------
2015-12-23 12:49:29.684014
UttarakhandGanges----------------
2015-12-23 12:49:30.211816
KaveriKaranataka----------------
2015-12-23 12:49:30.755187
KaranatakaKaveri
--------------------------------------
2016-01-04 16:16:11.588659

--------------------------------------
2016-01-04 16:16:58.842881

--------------------------------------
2016-01-04 16:17:21.354087
number of nodes forUttarakhand is 22
number of nodes forDehradun is 34
number of nodes forMaharashtra is 29
number of nodes forMumbai is 45
number of nodes forAndhra Pradesh is 25
number of nodes forHyderabad is 26
number of nodes forTamil Nadu is 27
number of nodes forChennai is 44
number of nodes forKarnataka is 29
number of nodes forBangalore is 43
number of nodes forYamuna is 37
number of nodes forUttarakhand is 22
number of nodes forKaveri is 37
number of nodes forKaranataka is 0
number of nodes forGanges is 57
number of nodes forUttarakhand is 22
number of nodes forGodavari is 4
number of nodes forMaharashtra is 29
number of nodes forKrishna is 46
number of nodes forMaharashtra is 29
----------------
2016-01-04 16:19:07.684292
UttarakhandDehradun----------------
2016-01-04 16:19:47.636575
DehradunUttarakhand----------------
2016-01-04 16:20:53.540356
MaharashtraMumbai----------------
2016-01-04 16:21:32.627819
MumbaiMaharashtra----------------
2016-01-04 16:22:22.740763
Andhra PradeshHyderabad----------------
2016-01-04 16:22:23.565824
HyderabadAndhra Pradesh----------------
2016-01-04 16:22:29.555257
Tamil NaduChennai
--------------------------------------
2016-01-04 16:43:38.962278
number of nodes forMaharashtra is 29
number of nodes forMumbai is 45
number of nodes forKarnataka is 29
number of nodes forBangalore is 43
number of nodes forTamil Nadu is 27
number of nodes forChennai is 44
number of nodes forAndhra Pradesh is 25
number of nodes forHyderabad is 26
number of nodes forUttarakhand is 22
number of nodes forDehradun is 34
number of nodes forKrishna is 46
number of nodes forMaharashtra is 29
number of nodes forGodavari is 4
number of nodes forMaharashtra is 29
number of nodes forGanges is 57
number of nodes forUttarakhand is 22
number of nodes forYamuna is 37
number of nodes forUttarakhand is 22
number of nodes forKaveri is 37
number of nodes forKaranataka is 0
----------------
2016-01-04 16:45:22.698293
MaharashtraMumbai----------------
2016-01-04 16:45:46.927573
MumbaiMaharashtra
--------------------------------------
2016-01-04 16:50:03.413255
number of nodes forTamil Nadu is 27
number of nodes forChennai is 44
number of nodes forMaharashtra is 29
number of nodes forMumbai is 45
number of nodes forUttarakhand is 22
number of nodes forDehradun is 34
number of nodes forKarnataka is 29
number of nodes forBangalore is 43
number of nodes forAndhra Pradesh is 25
number of nodes forHyderabad is 26

--------------------------------------
2016-01-04 16:50:31.391993
number of nodes forAndhra Pradesh is 25
number of nodes forHyderabad is 26
number of nodes forUttarakhand is 22
number of nodes forDehradun is 34
number of nodes forKarnataka is 29
number of nodes forBangalore is 43
number of nodes forMaharashtra is 29
number of nodes forMumbai is 45
number of nodes forTamil Nadu is 27
number of nodes forChennai is 44
number of nodes forGanges is 57
number of nodes forUttarakhand is 22
number of nodes forKrishna is 46
number of nodes forMaharashtra is 29
number of nodes forYamuna is 37
number of nodes forUttarakhand is 22

--------------------------------------
2016-01-04 16:51:41.848802
number of nodes forAndhra Pradesh is 25
number of nodes forHyderabad is 26
number of nodes forUttarakhand is 22
number of nodes forDehradun is 34
number of nodes forKarnataka is 29
number of nodes forBangalore is 43
number of nodes forTamil Nadu is 27
number of nodes forChennai is 44
number of nodes forMaharashtra is 29
number of nodes forMumbai is 45
number of nodes forKrishna is 46
number of nodes forMaharashtra is 29
number of nodes forKaveri is 37
number of nodes forKaranataka is 0
number of nodes forYamuna is 37
number of nodes forUttarakhand is 22
number of nodes forGanges is 57
number of nodes forUttarakhand is 22
number of nodes forGodavari is 4
number of nodes forMaharashtra is 29
----------------
2016-01-04 16:53:39.534914
Andhra PradeshHyderabad----------------
2016-01-04 16:53:40.034082
HyderabadAndhra Pradesh----------------
2016-01-04 16:53:45.212110
UttarakhandDehradun----------------
2016-01-04 16:54:11.971911
DehradunUttarakhand----------------
2016-01-04 16:55:00.329305
KarnatakaBangalore----------------
2016-01-04 16:55:19.350009
BangaloreKarnataka----------------
2016-01-04 16:56:09.863932
Tamil NaduChennai----------------
2016-01-04 16:56:40.205540
ChennaiTamil Nadu----------------
2016-01-04 16:57:21.792924
MaharashtraMumbai----------------
2016-01-04 16:57:59.774033
MumbaiMaharashtra----------------
2016-01-04 16:58:39.059962
KrishnaMaharashtra----------------
2016-01-04 16:59:10.722198
MaharashtraKrishna----------------
2016-01-04 16:59:11.276119
KaveriKaranataka----------------
2016-01-04 16:59:11.794441
KaranatakaKaveri----------------
2016-01-04 16:59:12.720105
YamunaUttarakhand----------------
2016-01-04 16:59:56.179641
UttarakhandYamuna----------------
2016-01-04 16:59:57.204830
GangesUttarakhand----------------
2016-01-04 17:00:54.781287
UttarakhandGanges----------------
2016-01-04 17:00:55.548592
GodavariMaharashtra----------------
2016-01-04 17:01:35.995746
MaharashtraGodavari
--------------------------------------
2016-01-05 16:21:26.712699
number of nodes forKarnataka is 29
number of nodes forBangalore is 43
number of nodes forTamil Nadu is 27
number of nodes forChennai is 44
number of nodes forUttarakhand is 22
number of nodes forDehradun is 34

--------------------------------------
2016-01-05 16:23:02.345846
number of nodes forMaharashtra is 29
number of nodes forMumbai is 45
number of nodes forKarnataka is 29

--------------------------------------
2016-01-05 16:24:17.387261
number of nodes forMaharashtra is 29
number of nodes forMumbai is 45
number of nodes forUttarakhand is 22
number of nodes forDehradun is 34
number of nodes forAndhra Pradesh is 25
number of nodes forHyderabad is 26
number of nodes forTamil Nadu is 27
number of nodes forChennai is 44
number of nodes forKarnataka is 29
number of nodes forBangalore is 43
number of nodes forGanges is 57
number of nodes forUttarakhand is 22
number of nodes forYamuna is 37
number of nodes forUttarakhand is 22
number of nodes forKrishna is 46
number of nodes forMaharashtra is 29
number of nodes forGodavari is 4
number of nodes forMaharashtra is 29
number of nodes forKaveri is 37
number of nodes forKaranataka is 0
----------------
2016-01-05 16:24:30.134799
MaharashtraMumbai
--------------------------------------
2016-01-05 16:26:41.012458
number of nodes forUttarakhand is 22
number of nodes forDehradun is 34
number of nodes forMaharashtra is 29
number of nodes forMumbai is 45
number of nodes forKarnataka is 29
number of nodes forBangalore is 43
number of nodes forTamil Nadu is 27
number of nodes forChennai is 44
number of nodes forAndhra Pradesh is 25
number of nodes forHyderabad is 26
number of nodes forKrishna is 46
number of nodes forMaharashtra is 29
number of nodes forGanges is 57
number of nodes forUttarakhand is 22
number of nodes forKaveri is 37
number of nodes forKaranataka is 0
number of nodes forYamuna is 37
number of nodes forUttarakhand is 22
number of nodes forGodavari is 4
number of nodes forMaharashtra is 29
----------------
2016-01-05 16:28:24.370584
UttarakhandDehradun----------------
2016-01-05 16:28:35.751357
DehradunUttarakhand
--------------------------------------
2016-01-05 16:33:21.921188
number of nodes forMaharashtra is 29
number of nodes forMumbai is 45
number of nodes forKarnataka is 29
number of nodes forBangalore is 43
number of nodes forTamil Nadu is 27
number of nodes forChennai is 44
number of nodes forUttarakhand is 22
number of nodes forDehradun is 34
number of nodes forAndhra Pradesh is 25
number of nodes forHyderabad is 26
number of nodes forYamuna is 37
number of nodes forUttarakhand is 22
number of nodes forGodavari is 4
number of nodes forMaharashtra is 29
number of nodes forKrishna is 46
number of nodes forMaharashtra is 29
number of nodes forKaveri is 37
number of nodes forKaranataka is 0
number of nodes forGanges is 57
number of nodes forUttarakhand is 22
----------------
2016-01-05 16:34:59.269312
MaharashtraMumbai----------------
2016-01-05 16:35:06.176571
MumbaiMaharashtra----------------
2016-01-05 16:35:13.550712
KarnatakaBangalore
--------------------------------------
2016-01-05 16:36:00.107120
number of nodes forTamil Nadu is 27
number of nodes forChennai is 44
number of nodes forUttarakhand is 22
number of nodes forDehradun is 34
number of nodes forAndhra Pradesh is 25
number of nodes forHyderabad is 26
number of nodes forKarnataka is 29
number of nodes forBangalore is 43
number of nodes forMaharashtra is 29
number of nodes forMumbai is 45
number of nodes forKrishna is 46
number of nodes forMaharashtra is 29
number of nodes forKaveri is 37
number of nodes forKaranataka is 0
number of nodes forGodavari is 4
number of nodes forMaharashtra is 29
number of nodes forYamuna is 37
number of nodes forUttarakhand is 22
number of nodes forGanges is 57
number of nodes forUttarakhand is 22
----------------
2016-01-05 16:37:59.123484
Tamil NaduChennai----------------
2016-01-05 16:38:25.455456
ChennaiTamil Nadu----------------
2016-01-05 16:38:56.882405
UttarakhandDehradun----------------
2016-01-05 16:39:24.240563
DehradunUttarakhand----------------
2016-01-05 16:41:04.326575
Andhra PradeshHyderabad----------------
2016-01-05 16:41:05.657545
HyderabadAndhra Pradesh----------------
2016-01-05 16:41:12.855938
KarnatakaBangalore----------------
2016-01-05 16:41:32.812228
BangaloreKarnataka----------------
2016-01-05 16:41:53.841088
MaharashtraMumbai----------------
2016-01-05 16:42:13.463967
MumbaiMaharashtra----------------
2016-01-05 16:42:35.750659
KrishnaMaharashtra----------------
2016-01-05 16:43:08.208609
MaharashtraKrishna----------------
2016-01-05 16:43:08.683248
KaveriKaranataka----------------
2016-01-05 16:43:09.148889
KaranatakaKaveri----------------
2016-01-05 16:43:09.994855
GodavariMaharashtra----------------
2016-01-05 16:43:45.642794
MaharashtraGodavari----------------
2016-01-05 16:43:46.427693
YamunaUttarakhand----------------
2016-01-05 16:44:28.997556
UttarakhandYamuna----------------
2016-01-05 16:44:29.825579
GangesUttarakhand----------------
2016-01-05 16:45:44.852603
UttarakhandGanges
--------------------------------------
2016-01-07 16:01:47.762504
number of nodes forTamil Nadu is 27
number of nodes forChennai is 44
number of nodes forKarnataka is 29
number of nodes forBangalore is 43

--------------------------------------
2016-01-07 16:09:09.981463
number of nodes forUttarakhand is 22
number of nodes forDehradun is 34
number of nodes forKarnataka is 29
number of nodes forBangalore is 43

--------------------------------------
2016-01-07 16:46:05.880609
number of nodes forMaharashtra is 29

--------------------------------------
2016-01-07 16:48:21.842005
number of nodes forTamil Nadu is 27

--------------------------------------
2016-01-07 16:53:12.603796
number of nodes forUttarakhand is 22

--------------------------------------
2016-01-07 17:03:37.489635
number of nodes forUttarakhand is 22
number of nodes forDehradun is 34
number of nodes forAndhra Pradesh is 25
number of nodes forHyderabad is 26
number of nodes forKarnataka is 29
number of nodes forBangalore is 43
number of nodes forMaharashtra is 29
number of nodes forMumbai is 45
number of nodes forTamil Nadu is 27
number of nodes forChennai is 44
number of nodes forKaveri is 37
number of nodes forKaranataka is 0
number of nodes forYamuna is 37
number of nodes forUttarakhand is 22
number of nodes forGanges is 57
number of nodes forUttarakhand is 22

--------------------------------------
2016-01-07 17:05:36.615129
number of nodes forUttarakhand is 22
number of nodes forDehradun is 34
number of nodes forTamil Nadu is 27
number of nodes forChennai is 44
number of nodes forAndhra Pradesh is 25
number of nodes forHyderabad is 26
number of nodes forKarnataka is 29
number of nodes forBangalore is 43
number of nodes forMaharashtra is 29
number of nodes forMumbai is 45
number of nodes forGodavari is 4
number of nodes forMaharashtra is 29

--------------------------------------
2016-01-07 17:08:58.109129
number of nodes forUttarakhand is 22
number of nodes forDehradun is 34
number of nodes forMaharashtra is 29
number of nodes forMumbai is 45

--------------------------------------
2016-01-07 17:10:44.552964
number of nodes forAndhra Pradesh is 25
number of nodes forHyderabad is 26
number of nodes forMaharashtra is 29
number of nodes forMumbai is 45
number of nodes forKarnataka is 29
number of nodes forBangalore is 43
number of nodes forTamil Nadu is 27
number of nodes forChennai is 44
number of nodes forUttarakhand is 22
number of nodes forDehradun is 34
number of nodes forYamuna is 37
number of nodes forUttarakhand is 22
number of nodes forGanges is 57
number of nodes forUttarakhand is 22
number of nodes forGodavari is 4
number of nodes forMaharashtra is 29
number of nodes forKrishna is 46
number of nodes forMaharashtra is 29
number of nodes forKaveri is 37
number of nodes forKaranataka is 0
----------------
2016-01-07 17:12:09.490048
Andhra PradeshHyderabad----------------
2016-01-07 17:12:10.312865
HyderabadAndhra Pradesh----------------
2016-01-07 17:12:17.610410
MaharashtraMumbai
--------------------------------------
2016-01-07 17:13:17.400944
number of nodes forAndhra Pradesh is 25
number of nodes forHyderabad is 26
number of nodes forKarnataka is 29
number of nodes forBangalore is 43
number of nodes forMaharashtra is 29
number of nodes forMumbai is 45
number of nodes forUttarakhand is 22
number of nodes forDehradun is 34
number of nodes forTamil Nadu is 27
number of nodes forChennai is 44
number of nodes forKaveri is 37
number of nodes forKaranataka is 0
number of nodes forGanges is 57
number of nodes forUttarakhand is 22

--------------------------------------
2016-01-07 17:23:14.873313
number of nodes forMaharashtra is 29
number of nodes forMumbai is 45
number of nodes forAndhra Pradesh is 25
number of nodes forHyderabad is 26
number of nodes forTamil Nadu is 27
number of nodes forChennai is 44
number of nodes forUttarakhand is 22
number of nodes forDehradun is 34
number of nodes forKarnataka is 29
number of nodes forBangalore is 43
number of nodes forKrishna is 46
number of nodes forMaharashtra is 29
number of nodes forKaveri is 37
number of nodes forKaranataka is 0
number of nodes forYamuna is 37
number of nodes forUttarakhand is 22
number of nodes forGodavari is 4
number of nodes forMaharashtra is 29
number of nodes forGanges is 57
number of nodes forUttarakhand is 22
----------------
2016-01-07 17:24:54.676522
MaharashtraMumbai
--------------------------------------
2016-01-07 17:25:38.560276
number of nodes forTamil Nadu is 27
number of nodes forChennai is 44
number of nodes forMaharashtra is 29
number of nodes forMumbai is 45
number of nodes forUttarakhand is 22
number of nodes forDehradun is 34
number of nodes forAndhra Pradesh is 25
number of nodes forHyderabad is 26
number of nodes forKarnataka is 29
number of nodes forBangalore is 43
number of nodes forGanges is 57
number of nodes forUttarakhand is 22
number of nodes forKaveri is 37

--------------------------------------
2016-01-07 17:28:56.072056
number of nodes forUttarakhand is 22
number of nodes forDehradun is 34
number of nodes forAndhra Pradesh is 25
number of nodes forHyderabad is 26
number of nodes forKarnataka is 29
number of nodes forBangalore is 43
number of nodes forTamil Nadu is 27
number of nodes forChennai is 44

--------------------------------------
2016-01-07 17:37:03.798552
number of nodes forTamil Nadu is 27
number of nodes forChennai is 44

--------------------------------------
2016-01-07 17:37:33.760735
number of nodes forKarnataka is 29

--------------------------------------
2016-01-07 17:38:34.852999
number of nodes forUttarakhand is 22
number of nodes forDehradun is 34
number of nodes forKarnataka is 29
number of nodes forBangalore is 43

--------------------------------------
2016-01-07 17:40:29.313883
number of nodes forUttarakhand is 22

--------------------------------------
2016-01-07 17:48:46.795641

--------------------------------------
2016-01-07 17:49:08.420076

--------------------------------------
2016-01-07 17:49:24.475170

--------------------------------------
2016-01-07 17:49:41.866340

--------------------------------------
2016-01-07 17:50:09.097682

--------------------------------------
2016-01-07 17:51:58.496404

--------------------------------------
2016-01-07 17:54:10.529010
number of nodes forMaharashtra is 29

--------------------------------------
2016-01-07 17:59:33.206958
number of nodes forTamil Nadu is 27

--------------------------------------
2016-01-07 18:00:02.570918
number of nodes forAndhra Pradesh is 25
number of nodes forHyderabad is 26
number of nodes forKarnataka is 29
number of nodes forBangalore is 43
number of nodes forMaharashtra is 29
number of nodes forMumbai is 45
number of nodes forTamil Nadu is 27
number of nodes forChennai is 44
number of nodes forUttarakhand is 22
number of nodes forDehradun is 34
